2020-10-28 16:05:54,459 登录功能开始 INFO
2020-10-28 16:05:54,602 输入用户名 INFO
2020-10-28 16:05:54,689 输入密码 INFO
2020-10-28 16:05:54,786 点击登录 INFO
2020-10-28 16:06:01,563 登录功能开始 INFO
2020-10-28 16:06:01,780 输入用户名 INFO
2020-10-28 16:06:01,870 输入密码 INFO
2020-10-28 16:06:02,263 点击登录 INFO
2020-10-28 16:06:09,025 登录功能开始 INFO
2020-10-28 16:06:09,272 输入用户名 INFO
2020-10-28 16:06:09,374 输入密码 INFO
2020-10-28 16:06:09,456 点击登录 INFO
2020-10-28 16:06:16,164 登录功能开始 INFO
2020-10-28 16:06:16,399 输入用户名 INFO
2020-10-28 16:06:16,470 输入密码 INFO
2020-10-28 16:06:16,532 点击登录 INFO
2020-10-28 16:10:36,479 登录功能开始 INFO
2020-10-28 16:10:36,640 输入用户名 INFO
2020-10-28 16:10:36,718 输入密码 INFO
2020-10-28 16:10:36,781 点击登录 INFO
2020-10-28 16:10:43,658 登录功能开始 INFO
2020-10-28 16:10:43,830 输入用户名 INFO
2020-10-28 16:10:43,933 输入密码 INFO
2020-10-28 16:10:44,230 点击登录 INFO
2020-10-28 16:10:50,886 登录功能开始 INFO
2020-10-28 16:10:51,053 输入用户名 INFO
2020-10-28 16:10:51,135 输入密码 INFO
2020-10-28 16:10:51,200 点击登录 INFO
2020-10-28 16:10:58,873 登录功能开始 INFO
2020-10-28 16:10:59,042 输入用户名 INFO
2020-10-28 16:10:59,121 输入密码 INFO
2020-10-28 16:10:59,186 点击登录 INFO
2020-10-28 16:13:14,314 登录功能开始 INFO
2020-10-28 16:13:14,513 输入用户名 INFO
2020-10-28 16:13:14,600 输入密码 INFO
2020-10-28 16:13:14,662 点击登录 INFO
2020-10-28 16:13:21,638 登录功能开始 INFO
2020-10-28 16:13:21,812 输入用户名 INFO
2020-10-28 16:13:21,905 输入密码 INFO
2020-10-28 16:13:22,224 点击登录 INFO
2020-10-28 16:13:29,172 登录功能开始 INFO
2020-10-28 16:13:29,340 输入用户名 INFO
2020-10-28 16:13:29,427 输入密码 INFO
2020-10-28 16:13:29,493 点击登录 INFO
2020-10-28 16:13:36,253 登录功能开始 INFO
2020-10-28 16:13:36,406 输入用户名 INFO
2020-10-28 16:13:36,478 输入密码 INFO
2020-10-28 16:13:36,542 点击登录 INFO
2020-10-28 16:22:25,811 登录功能开始 INFO
2020-10-28 16:22:25,984 输入用户名 INFO
2020-10-28 16:22:26,053 输入密码 INFO
2020-10-28 16:22:26,115 点击登录 INFO
2020-10-28 16:22:32,842 登录功能开始 INFO
2020-10-28 16:22:33,036 输入用户名 INFO
2020-10-28 16:22:33,114 输入密码 INFO
2020-10-28 16:22:33,423 点击登录 INFO
2020-10-28 16:22:40,070 登录功能开始 INFO
2020-10-28 16:22:40,239 输入用户名 INFO
2020-10-28 16:22:40,321 输入密码 INFO
2020-10-28 16:22:40,388 点击登录 INFO
2020-10-28 16:22:47,065 登录功能开始 INFO
2020-10-28 16:22:47,235 输入用户名 INFO
2020-10-28 16:22:47,306 输入密码 INFO
2020-10-28 16:22:47,373 点击登录 INFO
2020-10-28 16:29:09,394 登录功能开始 INFO
2020-10-28 16:29:09,586 输入用户名 INFO
2020-10-28 16:29:09,691 输入密码 INFO
2020-10-28 16:29:09,755 点击登录 INFO
2020-10-28 16:29:16,381 登录功能开始 INFO
2020-10-28 16:29:16,623 输入用户名 INFO
2020-10-28 16:29:16,703 输入密码 INFO
2020-10-28 16:29:16,976 点击登录 INFO
2020-10-28 16:29:23,733 登录功能开始 INFO
2020-10-28 16:29:23,895 输入用户名 INFO
2020-10-28 16:29:23,986 输入密码 INFO
2020-10-28 16:29:24,055 点击登录 INFO
2020-10-28 16:29:30,749 登录功能开始 INFO
2020-10-28 16:29:30,915 输入用户名 INFO
2020-10-28 16:29:30,988 输入密码 INFO
2020-10-28 16:29:31,052 点击登录 INFO
2020-10-28 18:44:45,752 登录功能开始 INFO
2020-10-28 18:44:45,972 输入用户名 INFO
2020-10-28 18:44:46,068 输入密码 INFO
2020-10-28 18:44:46,161 点击登录 INFO
2020-10-28 18:44:53,191 登录功能开始 INFO
2020-10-28 18:44:53,390 输入用户名 INFO
2020-10-28 18:44:53,494 输入密码 INFO
2020-10-28 18:44:53,916 点击登录 INFO
2020-10-28 18:45:01,423 登录功能开始 INFO
2020-10-28 18:45:01,609 输入用户名 INFO
2020-10-28 18:45:01,727 输入密码 INFO
2020-10-28 18:45:01,817 点击登录 INFO
2020-10-28 18:45:08,965 登录功能开始 INFO
2020-10-28 18:45:09,160 输入用户名 INFO
2020-10-28 18:45:09,250 输入密码 INFO
2020-10-28 18:45:09,331 点击登录 INFO
2020-10-28 18:49:58,559 登录功能开始 INFO
2020-10-28 18:49:58,896 输入用户名 INFO
2020-10-28 18:49:59,005 输入密码 INFO
2020-10-28 18:49:59,104 点击登录 INFO
2020-10-28 18:50:06,243 登录功能开始 INFO
2020-10-28 18:50:06,442 输入用户名 INFO
2020-10-28 18:50:06,543 输入密码 INFO
2020-10-28 18:50:06,928 点击登录 INFO
2020-10-28 18:50:14,160 登录功能开始 INFO
2020-10-28 18:50:14,347 输入用户名 INFO
2020-10-28 18:50:14,449 输入密码 INFO
2020-10-28 18:50:14,529 点击登录 INFO
2020-10-28 18:50:21,605 登录功能开始 INFO
2020-10-28 18:50:21,772 输入用户名 INFO
2020-10-28 18:50:21,863 输入密码 INFO
2020-10-28 18:50:21,936 点击登录 INFO
2020-10-28 19:50:43,795 登录功能开始 INFO
2020-10-28 19:50:43,922 输入用户名 INFO
2020-10-28 19:50:44,013 输入密码 INFO
2020-10-28 19:50:44,328 点击登录 INFO
2020-10-28 19:50:44,330 登录功能开始 INFO
2020-10-28 19:51:22,722 登录功能开始 INFO
2020-10-28 19:51:22,918 输入用户名 INFO
2020-10-28 19:51:22,992 输入密码 INFO
2020-10-28 19:51:23,266 点击登录 INFO
2020-10-28 19:51:23,267 登录功能开始 INFO
2020-10-28 20:08:04,698 登录功能开始 INFO
2020-10-28 20:08:04,897 输入用户名 INFO
2020-10-28 20:08:04,993 输入密码 INFO
2020-10-28 20:08:05,337 点击登录 INFO
2020-10-28 20:08:17,205 登录功能开始 INFO
2020-10-28 20:08:17,474 输入用户名 INFO
2020-10-28 20:08:17,627 输入密码 INFO
2020-10-28 20:08:17,968 点击登录 INFO
2020-10-28 20:12:47,563 登录功能开始 INFO
2020-10-28 20:12:47,794 输入用户名 INFO
2020-10-28 20:12:47,895 输入密码 INFO
2020-10-28 20:12:48,252 点击登录 INFO
2020-10-28 20:12:55,043 登录功能开始 INFO
2020-10-28 20:12:55,260 输入用户名 INFO
2020-10-28 20:12:55,344 输入密码 INFO
2020-10-28 20:12:55,668 点击登录 INFO
2020-10-28 20:13:59,727 登录功能开始 INFO
2020-10-28 20:13:59,911 输入用户名 INFO
2020-10-28 20:13:59,999 输入密码 INFO
2020-10-28 20:14:00,334 点击登录 INFO
2020-10-28 20:14:07,133 登录功能开始 INFO
2020-10-28 20:14:07,361 输入用户名 INFO
2020-10-28 20:14:07,451 输入密码 INFO
2020-10-28 20:14:07,827 点击登录 INFO
2020-10-28 20:14:31,516 登录功能开始 INFO
2020-10-28 20:14:31,703 输入用户名 INFO
2020-10-28 20:14:31,791 输入密码 INFO
2020-10-28 20:14:32,112 点击登录 INFO
2020-10-28 20:14:38,867 登录功能开始 INFO
2020-10-28 20:14:39,089 输入用户名 INFO
2020-10-28 20:14:39,173 输入密码 INFO
2020-10-28 20:14:39,506 点击登录 INFO
2020-10-28 20:21:01,241 登录功能开始 INFO
2020-10-28 20:21:01,458 输入用户名 INFO
2020-10-28 20:21:01,559 输入密码 INFO
2020-10-28 20:21:01,914 点击登录 INFO
2020-10-28 20:22:04,328 登录功能开始 INFO
2020-10-28 20:22:04,513 输入用户名 INFO
2020-10-28 20:22:04,602 输入密码 INFO
2020-10-28 20:22:04,914 点击登录 INFO
2020-10-28 20:25:31,162 登录功能开始 INFO
2020-10-28 20:25:31,344 输入用户名 INFO
2020-10-28 20:25:31,435 输入密码 INFO
2020-10-28 20:25:31,741 点击登录 INFO
2020-10-28 20:28:04,842 登录功能开始 INFO
2020-10-28 20:28:05,051 输入用户名 INFO
2020-10-28 20:28:05,132 输入密码 INFO
2020-10-28 20:28:05,475 点击登录 INFO
2020-10-28 20:31:06,219 登录功能开始 INFO
2020-10-28 20:31:06,405 输入用户名 INFO
2020-10-28 20:31:06,492 输入密码 INFO
2020-10-28 20:31:06,818 点击登录 INFO
2020-10-28 20:33:39,480 登录功能开始 INFO
2020-10-28 20:33:39,724 输入用户名 INFO
2020-10-28 20:33:39,862 输入密码 INFO
2020-10-28 20:33:40,183 点击登录 INFO
2020-10-28 20:35:23,802 登录功能开始 INFO
2020-10-28 20:35:23,985 输入用户名 INFO
2020-10-28 20:35:24,070 输入密码 INFO
2020-10-28 20:35:24,374 点击登录 INFO
2020-10-28 20:36:27,225 登录功能开始 INFO
2020-10-28 20:36:27,434 输入用户名 INFO
2020-10-28 20:36:27,560 输入密码 INFO
2020-10-28 20:36:27,893 点击登录 INFO
2020-10-28 20:46:52,187 登录功能开始 INFO
2020-10-28 20:46:52,384 输入用户名 INFO
2020-10-28 20:46:52,467 输入密码 INFO
2020-10-28 20:46:52,801 点击登录 INFO
2020-10-28 20:47:55,639 登录功能开始 INFO
2020-10-28 20:47:55,875 输入用户名 INFO
2020-10-28 20:47:55,957 输入密码 INFO
2020-10-28 20:47:56,295 点击登录 INFO
2020-10-28 20:50:24,347 登录功能开始 INFO
2020-10-28 20:50:24,537 输入用户名 INFO
2020-10-28 20:50:24,629 输入密码 INFO
2020-10-28 20:50:24,954 点击登录 INFO
2020-10-28 20:51:28,137 登录功能开始 INFO
2020-10-28 20:51:28,384 输入用户名 INFO
2020-10-28 20:51:28,484 输入密码 INFO
2020-10-28 20:51:28,881 点击登录 INFO
2020-10-28 20:54:05,574 登录功能开始 INFO
2020-10-28 20:54:05,788 输入用户名 INFO
2020-10-28 20:54:05,902 输入密码 INFO
2020-10-28 20:54:06,198 点击登录 INFO
2020-10-28 20:55:09,055 登录功能开始 INFO
2020-10-28 20:55:09,286 输入用户名 INFO
2020-10-28 20:55:09,370 输入密码 INFO
2020-10-28 20:55:09,676 点击登录 INFO
2020-10-28 20:57:33,102 登录功能开始 INFO
2020-10-28 20:57:33,298 输入用户名 INFO
2020-10-28 20:57:33,389 输入密码 INFO
2020-10-28 20:57:33,735 点击登录 INFO
2020-10-28 20:58:36,864 登录功能开始 INFO
2020-10-28 20:58:37,102 输入用户名 INFO
2020-10-28 20:58:37,184 输入密码 INFO
2020-10-28 20:58:37,501 点击登录 INFO
2020-10-28 21:01:04,466 登录功能开始 INFO
2020-10-28 21:01:04,650 输入用户名 INFO
2020-10-28 21:01:04,743 输入密码 INFO
2020-10-28 21:01:05,046 点击登录 INFO
2020-10-28 21:02:07,959 登录功能开始 INFO
2020-10-28 21:02:08,199 输入用户名 INFO
2020-10-28 21:02:08,289 输入密码 INFO
2020-10-28 21:02:08,647 点击登录 INFO
2020-10-28 21:03:21,332 登录功能开始 INFO
2020-10-28 21:03:21,539 输入用户名 INFO
2020-10-28 21:03:21,621 输入密码 INFO
2020-10-28 21:03:21,945 点击登录 INFO
2020-10-28 21:04:24,824 登录功能开始 INFO
2020-10-28 21:04:25,043 输入用户名 INFO
2020-10-28 21:04:25,128 输入密码 INFO
2020-10-28 21:04:25,466 点击登录 INFO
2020-10-28 21:10:55,572 登录功能开始 INFO
2020-10-28 21:10:55,802 输入用户名 INFO
2020-10-28 21:10:55,885 输入密码 INFO
2020-10-28 21:10:56,189 点击登录 INFO
2020-10-28 21:11:51,822 输入客户姓名 INFO
2020-10-28 21:11:51,945 输入Email INFO
2020-10-28 21:11:52,064 输入出生日期 INFO
2020-10-28 21:11:52,143 输入创建人 INFO
2020-10-28 21:12:01,282 登录功能开始 INFO
2020-10-28 21:12:01,558 输入用户名 INFO
2020-10-28 21:12:01,745 输入密码 INFO
2020-10-28 21:12:02,085 点击登录 INFO
2020-10-28 21:12:37,972 修改客户地址 INFO
